<?xml version="1.0" encoding="UTF-8"?>
<testsuite name="com.dofany.dofanyhomepage.web.IndexControllerTest" tests="1" skipped="0" failures="0" errors="0" timestamp="2020-08-30T09:25:21" hostname="dopaniui-MacBookPro.local" time="0.28">
  <properties/>
  <testcase name="메인페이지_로딩" classname="com.dofany.dofanyhomepage.web.IndexControllerTest" time="0.28"/>
  <system-out><![CDATA[18:25:17.075 [Test worker] DEBUG org.springframework.test.context.junit4.SpringJUnit4ClassRunner - SpringJUnit4ClassRunner constructor called with [class com.dofany.dofanyhomepage.web.IndexControllerTest]
18:25:17.082 [Test worker] DEBUG org.springframework.test.context.BootstrapUtils - Instantiating CacheAwareContextLoaderDelegate from class [org.springframework.test.context.cache.DefaultCacheAwareContextLoaderDelegate]
18:25:17.091 [Test worker] DEBUG org.springframework.test.context.BootstrapUtils - Instantiating BootstrapContext using constructor [public org.springframework.test.context.support.DefaultBootstrapContext(java.lang.Class,org.springframework.test.context.CacheAwareContextLoaderDelegate)]
18:25:17.108 [Test worker] DEBUG org.springframework.test.context.BootstrapUtils - Instantiating TestContextBootstrapper for test class [com.dofany.dofanyhomepage.web.IndexControllerTest] from class [org.springframework.boot.test.context.SpringBootTestContextBootstrapper]
18:25:17.119 [Test worker] INFO org.springframework.boot.test.context.SpringBootTestContextBootstrapper - Neither @ContextConfiguration nor @ContextHierarchy found for test class [com.dofany.dofanyhomepage.web.IndexControllerTest], using SpringBootContextLoader
18:25:17.122 [Test worker] DEBUG org.springframework.test.context.support.AbstractContextLoader - Did not detect default resource location for test class [com.dofany.dofanyhomepage.web.IndexControllerTest]: class path resource [com/dofany/dofanyhomepage/web/IndexControllerTest-context.xml] does not exist
18:25:17.122 [Test worker] DEBUG org.springframework.test.context.support.AbstractContextLoader - Did not detect default resource location for test class [com.dofany.dofanyhomepage.web.IndexControllerTest]: class path resource [com/dofany/dofanyhomepage/web/IndexControllerTestContext.groovy] does not exist
18:25:17.122 [Test worker] INFO org.springframework.test.context.support.AbstractContextLoader - Could not detect default resource locations for test class [com.dofany.dofanyhomepage.web.IndexControllerTest]: no resource found for suffixes {-context.xml, Context.groovy}.
18:25:17.123 [Test worker] INFO org.springframework.test.context.support.AnnotationConfigContextLoaderUtils - Could not detect default configuration classes for test class [com.dofany.dofanyhomepage.web.IndexControllerTest]: IndexControllerTest does not declare any static, non-private, non-final, nested classes annotated with @Configuration.
18:25:17.161 [Test worker] DEBUG org.springframework.test.context.support.ActiveProfilesUtils - Could not find an 'annotation declaring class' for annotation type [org.springframework.test.context.ActiveProfiles] and class [com.dofany.dofanyhomepage.web.IndexControllerTest]
18:25:17.243 [Test worker] DEBUG org.springframework.context.annotation.ClassPathScanningCandidateComponentProvider - Identified candidate component class: file [/Users/dofany/IdeaProjects/dofanyHomepage/build/classes/java/main/com/dofany/dofanyhomepage/Application.class]
18:25:17.244 [Test worker] INFO org.springframework.boot.test.context.SpringBootTestContextBootstrapper - Found @SpringBootConfiguration com.dofany.dofanyhomepage.Application for test class com.dofany.dofanyhomepage.web.IndexControllerTest
18:25:17.318 [Test worker] DEBUG org.springframework.boot.test.context.SpringBootTestContextBootstrapper - @TestExecutionListeners is not present for class [com.dofany.dofanyhomepage.web.IndexControllerTest]: using defaults.
18:25:17.318 [Test worker] INFO org.springframework.boot.test.context.SpringBootTestContextBootstrapper - Loaded default TestExecutionListener class names from location [META-INF/spring.factories]: [org.springframework.boot.test.autoconfigure.restdocs.RestDocsTestExecutionListener, org.springframework.boot.test.autoconfigure.web.client.MockRestServiceServerResetTestExecutionListener, org.springframework.boot.test.autoconfigure.web.servlet.MockMvcPrintOnlyOnFailureTestExecutionListener, org.springframework.boot.test.autoconfigure.web.servlet.WebDriverTestExecutionListener, org.springframework.boot.test.mock.mockito.MockitoTestExecutionListener, org.springframework.boot.test.mock.mockito.ResetMocksTestExecutionListener, org.springframework.test.context.web.ServletTestExecutionListener, org.springframework.test.context.support.DirtiesContextBeforeModesTestExecutionListener, org.springframework.test.context.support.DependencyInjectionTestExecutionListener, org.springframework.test.context.support.DirtiesContextTestExecutionListener, org.springframework.test.context.transaction.TransactionalTestExecutionListener, org.springframework.test.context.jdbc.SqlScriptsTestExecutionListener]
18:25:17.334 [Test worker] INFO org.springframework.boot.test.context.SpringBootTestContextBootstrapper - Using TestExecutionListeners: [org.springframework.test.context.web.ServletTestExecutionListener@6a6ac321, org.springframework.test.context.support.DirtiesContextBeforeModesTestExecutionListener@378db6e1, org.springframework.boot.test.mock.mockito.MockitoTestExecutionListener@98ae2a6, org.springframework.boot.test.autoconfigure.SpringBootDependencyInjectionTestExecutionListener@6cd23694, org.springframework.test.context.support.DirtiesContextTestExecutionListener@501d93e4, org.springframework.test.context.transaction.TransactionalTestExecutionListener@a7d1db8, org.springframework.test.context.jdbc.SqlScriptsTestExecutionListener@54bc5183, org.springframework.boot.test.autoconfigure.restdocs.RestDocsTestExecutionListener@29a7ab16, org.springframework.boot.test.autoconfigure.web.client.MockRestServiceServerResetTestExecutionListener@15999f75, org.springframework.boot.test.autoconfigure.web.servlet.MockMvcPrintOnlyOnFailureTestExecutionListener@77ebc0a3, org.springframework.boot.test.autoconfigure.web.servlet.WebDriverTestExecutionListener@416db794, org.springframework.boot.test.mock.mockito.ResetMocksTestExecutionListener@55864bb4]
18:25:17.337 [Test worker] DEBUG org.springframework.test.annotation.ProfileValueUtils - Retrieved @ProfileValueSourceConfiguration [null] for test class [com.dofany.dofanyhomepage.web.IndexControllerTest]
18:25:17.337 [Test worker] DEBUG org.springframework.test.annotation.ProfileValueUtils - Retrieved ProfileValueSource type [class org.springframework.test.annotation.SystemProfileValueSource] for class [com.dofany.dofanyhomepage.web.IndexControllerTest]
18:25:17.340 [Test worker] DEBUG org.springframework.test.annotation.ProfileValueUtils - Retrieved @ProfileValueSourceConfiguration [null] for test class [com.dofany.dofanyhomepage.web.IndexControllerTest]
18:25:17.340 [Test worker] DEBUG org.springframework.test.annotation.ProfileValueUtils - Retrieved ProfileValueSource type [class org.springframework.test.annotation.SystemProfileValueSource] for class [com.dofany.dofanyhomepage.web.IndexControllerTest]
18:25:17.341 [Test worker] DEBUG org.springframework.test.annotation.ProfileValueUtils - Retrieved @ProfileValueSourceConfiguration [null] for test class [com.dofany.dofanyhomepage.web.IndexControllerTest]
18:25:17.341 [Test worker] DEBUG org.springframework.test.annotation.ProfileValueUtils - Retrieved ProfileValueSource type [class org.springframework.test.annotation.SystemProfileValueSource] for class [com.dofany.dofanyhomepage.web.IndexControllerTest]
18:25:17.344 [Test worker] DEBUG org.springframework.test.context.support.AbstractDirtiesContextTestExecutionListener - Before test class: context [DefaultTestContext@34e54416 testClass = IndexControllerTest, testInstance = [null], testMethod = [null], testException = [null], mergedContextConfiguration = [WebMergedContextConfiguration@7002f951 testClass = IndexControllerTest, locations = '{}', classes = '{class com.dofany.dofanyhomepage.Application}', contextInitializerClasses = '[]', activeProfiles = '{}', propertySourceLocations = '{}', propertySourceProperties = '{org.springframework.boot.test.context.SpringBootTestContextBootstrapper=true, server.port=0}', contextCustomizers = set[org.springframework.boot.test.autoconfigure.properties.PropertyMappingContextCustomizer@0, org.springframework.boot.test.autoconfigure.web.servlet.WebDriverContextCustomizerFactory$Customizer@1000d43c, org.springframework.boot.test.context.filter.ExcludeFilterContextCustomizer@130eeb72, org.springframework.boot.test.json.DuplicateJsonObjectContextCustomizerFactory$DuplicateJsonObjectContextCustomizer@1ac3536a, org.springframework.boot.test.mock.mockito.MockitoContextCustomizer@0, org.springframework.boot.test.web.client.TestRestTemplateContextCustomizer@2b2e68fd], resourceBasePath = 'src/main/webapp', contextLoader = 'org.springframework.boot.test.context.SpringBootContextLoader', parent = [null]], attributes = map['org.springframework.test.context.web.ServletTestExecutionListener.activateListener' -> false]], class annotated with @DirtiesContext [false] with mode [null].
18:25:17.345 [Test worker] DEBUG org.springframework.test.annotation.ProfileValueUtils - Retrieved @ProfileValueSourceConfiguration [null] for test class [com.dofany.dofanyhomepage.web.IndexControllerTest]
18:25:17.345 [Test worker] DEBUG org.springframework.test.annotation.ProfileValueUtils - Retrieved ProfileValueSource type [class org.springframework.test.annotation.SystemProfileValueSource] for class [com.dofany.dofanyhomepage.web.IndexControllerTest]
18:25:17.349 [Test worker] DEBUG org.springframework.test.context.support.DependencyInjectionTestExecutionListener - Performing dependency injection for test context [[DefaultTestContext@34e54416 testClass = IndexControllerTest, testInstance = com.dofany.dofanyhomepage.web.IndexControllerTest@7a5735df, testMethod = [null], testException = [null], mergedContextConfiguration = [WebMergedContextConfiguration@7002f951 testClass = IndexControllerTest, locations = '{}', classes = '{class com.dofany.dofanyhomepage.Application}', contextInitializerClasses = '[]', activeProfiles = '{}', propertySourceLocations = '{}', propertySourceProperties = '{org.springframework.boot.test.context.SpringBootTestContextBootstrapper=true, server.port=0}', contextCustomizers = set[org.springframework.boot.test.autoconfigure.properties.PropertyMappingContextCustomizer@0, org.springframework.boot.test.autoconfigure.web.servlet.WebDriverContextCustomizerFactory$Customizer@1000d43c, org.springframework.boot.test.context.filter.ExcludeFilterContextCustomizer@130eeb72, org.springframework.boot.test.json.DuplicateJsonObjectContextCustomizerFactory$DuplicateJsonObjectContextCustomizer@1ac3536a, org.springframework.boot.test.mock.mockito.MockitoContextCustomizer@0, org.springframework.boot.test.web.client.TestRestTemplateContextCustomizer@2b2e68fd], resourceBasePath = 'src/main/webapp', contextLoader = 'org.springframework.boot.test.context.SpringBootContextLoader', parent = [null]], attributes = map['org.springframework.test.context.web.ServletTestExecutionListener.activateListener' -> false]]].
18:25:17.371 [Test worker] DEBUG org.springframework.test.context.support.TestPropertySourceUtils - Adding inlined properties to environment: {spring.jmx.enabled=false, org.springframework.boot.test.context.SpringBootTestContextBootstrapper=true, server.port=0}

  .   ____          _            __ _ _
 /\\ / ___'_ __ _ _(_)_ __  __ _ \ \ \ \
( ( )\___ | '_ | '_| | '_ \/ _` | \ \ \ \
 \\/  ___)| |_)| | | | | || (_| |  ) ) ) )
  '  |____| .__|_| |_|_| |_\__, | / / / /
 =========|_|==============|___/=/_/_/_/
 :: Spring Boot ::        (v2.1.7.RELEASE)

2020-08-30 18:25:17.722  INFO 800 --- [    Test worker] c.d.d.web.IndexControllerTest            : Starting IndexControllerTest on dopaniui-MacBookPro.local with PID 800 (started by dofany in /Users/dofany/IdeaProjects/dofanyHomepage)
2020-08-30 18:25:17.723  INFO 800 --- [    Test worker] c.d.d.web.IndexControllerTest            : No active profile set, falling back to default profiles: default
2020-08-30 18:25:18.289  INFO 800 --- [    Test worker] .s.d.r.c.RepositoryConfigurationDelegate : Bootstrapping Spring Data repositories in DEFAULT mode.
2020-08-30 18:25:18.348  INFO 800 --- [    Test worker] .s.d.r.c.RepositoryConfigurationDelegate : Finished Spring Data repository scanning in 44ms. Found 1 repository interfaces.
2020-08-30 18:25:18.699  INFO 800 --- [    Test worker] trationDelegate$BeanPostProcessorChecker : Bean 'org.springframework.transaction.annotation.ProxyTransactionManagementConfiguration' of type [org.springframework.transaction.annotation.ProxyTransactionManagementConfiguration$$EnhancerBySpringCGLIB$$d89138d2] is not eligible for getting processed by all BeanPostProcessors (for example: not eligible for auto-proxying)
2020-08-30 18:25:19.069  INFO 800 --- [    Test worker] o.s.b.w.embedded.tomcat.TomcatWebServer  : Tomcat initialized with port(s): 0 (http)
2020-08-30 18:25:19.089  INFO 800 --- [    Test worker] o.apache.catalina.core.StandardService   : Starting service [Tomcat]
2020-08-30 18:25:19.090  INFO 800 --- [    Test worker] org.apache.catalina.core.StandardEngine  : Starting Servlet engine: [Apache Tomcat/9.0.22]
2020-08-30 18:25:19.181  INFO 800 --- [    Test worker] o.a.c.c.C.[Tomcat].[localhost].[/]       : Initializing Spring embedded WebApplicationContext
2020-08-30 18:25:19.181  INFO 800 --- [    Test worker] o.s.web.context.ContextLoader            : Root WebApplicationContext: initialization completed in 1444 ms
2020-08-30 18:25:19.390  INFO 800 --- [    Test worker] com.zaxxer.hikari.HikariDataSource       : HikariPool-1 - Starting...
2020-08-30 18:25:19.547  INFO 800 --- [    Test worker] com.zaxxer.hikari.HikariDataSource       : HikariPool-1 - Start completed.
2020-08-30 18:25:19.621  INFO 800 --- [    Test worker] o.hibernate.jpa.internal.util.LogHelper  : HHH000204: Processing PersistenceUnitInfo [
	name: default
	...]
2020-08-30 18:25:19.675  INFO 800 --- [    Test worker] org.hibernate.Version                    : HHH000412: Hibernate Core {5.3.10.Final}
2020-08-30 18:25:19.677  INFO 800 --- [    Test worker] org.hibernate.cfg.Environment            : HHH000206: hibernate.properties not found
2020-08-30 18:25:19.806  INFO 800 --- [    Test worker] o.hibernate.annotations.common.Version   : HCANN000001: Hibernate Commons Annotations {5.0.4.Final}
2020-08-30 18:25:19.944  INFO 800 --- [    Test worker] org.hibernate.dialect.Dialect            : HHH000400: Using dialect: org.hibernate.dialect.H2Dialect
Hibernate: drop table posts if exists
Hibernate: create table posts (id bigint generated by default as identity, created_date timestamp, modified_date timestamp, author varchar(255), content TEXT not null, title varchar(500) not null, primary key (id))
2020-08-30 18:25:20.523  INFO 800 --- [    Test worker] o.h.t.schema.internal.SchemaCreatorImpl  : HHH000476: Executing import script 'org.hibernate.tool.schema.internal.exec.ScriptSourceInputNonExistentImpl@7caea0aa'
2020-08-30 18:25:20.525  INFO 800 --- [    Test worker] j.LocalContainerEntityManagerFactoryBean : Initialized JPA EntityManagerFactory for persistence unit 'default'
2020-08-30 18:25:21.096  INFO 800 --- [    Test worker] o.s.s.concurrent.ThreadPoolTaskExecutor  : Initializing ExecutorService 'applicationTaskExecutor'
2020-08-30 18:25:21.151  WARN 800 --- [    Test worker] aWebConfiguration$JpaWebMvcConfiguration : spring.jpa.open-in-view is enabled by default. Therefore, database queries may be performed during view rendering. Explicitly configure spring.jpa.open-in-view to disable this warning
2020-08-30 18:25:21.197  INFO 800 --- [    Test worker] o.s.b.a.w.s.WelcomePageHandlerMapping    : Adding welcome page template: index
2020-08-30 18:25:21.634  INFO 800 --- [    Test worker] o.s.b.w.embedded.tomcat.TomcatWebServer  : Tomcat started on port(s): 49369 (http) with context path ''
2020-08-30 18:25:21.636  INFO 800 --- [    Test worker] c.d.d.web.IndexControllerTest            : Started IndexControllerTest in 4.263 seconds (JVM running for 5.018)
2020-08-30 18:25:21.794  INFO 800 --- [o-auto-1-exec-1] o.a.c.c.C.[Tomcat].[localhost].[/]       : Initializing Spring DispatcherServlet 'dispatcherServlet'
2020-08-30 18:25:21.795  INFO 800 --- [o-auto-1-exec-1] o.s.web.servlet.DispatcherServlet        : Initializing Servlet 'dispatcherServlet'
2020-08-30 18:25:21.814  INFO 800 --- [o-auto-1-exec-1] o.s.web.servlet.DispatcherServlet        : Completed initialization in 19 ms
]]></system-out>
  <system-err><![CDATA[]]></system-err>
</testsuite>
